#
# There is insufficient memory for the Java Runtime Environment to continue.
# Native memory allocation (malloc) failed to allocate 1406256 bytes for Chunk::new
# Possible reasons:
#   The system is out of physical RAM or swap space
#   The process is running with CompressedOops enabled, and the Java Heap may be blocking the growth of the native heap
# Possible solutions:
#   Reduce memory load on the system
#   Increase physical memory or swap space
#   Check if swap backing store is full
#   Decrease Java heap size (-Xmx/-Xms)
#   Decrease number of Java threads
#   Decrease Java thread stack sizes (-Xss)
#   Set larger code cache with -XX:ReservedCodeCacheSize=
#   JVM is running with Unscaled Compressed Oops mode in which the Java heap is
#     placed in the first 4GB address space. The Java Heap base address is the
#     maximum limit for the native heap growth. Please use -XX:HeapBaseMinAddress
#     to set the Java Heap base and to place the Java Heap above 4GB virtual address.
# This output file may be truncated or incomplete.
#
#  Out of Memory Error (arena.cpp:168), pid=640, tid=22556
#
# JRE version: Java(TM) SE Runtime Environment (21.0.7+8) (build 21.0.7+8-LTS-245)
# Java VM: Java HotSpot(TM) 64-Bit Server VM (21.0.7+8-LTS-245, mixed mode, sharing, tiered, compressed oops, compressed class ptrs, g1 gc, windows-amd64)
# No core dump will be written. Minidumps are not enabled by default on client versions of Windows
#

---------------  S U M M A R Y ------------

Command Line: -javaagent:C:\Program Files\JetBrains\IntelliJ IDEA Community Edition 2025.1.3\lib\idea_rt.jar=54989 -Dfile.encoding=UTF-8 -Dsun.stdout.encoding=UTF-8 -Dsun.stderr.encoding=UTF-8 TutorialNinja.Ts001WelcomeEmail

Host: AMD Ryzen 3 7330U with Radeon Graphics         , 8 cores, 5G,  Windows 11 , 64 bit Build 26100 (10.0.26100.4202)
Time: Wed Jul 23 14:30:07 2025 India Standard Time elapsed time: 5.302991 seconds (0d 0h 0m 5s)

---------------  T H R E A D  ---------------

Current thread (0x00000219346c81a0):  JavaThread "C2 CompilerThread0" daemon [_thread_in_native, id=22556, stack(0x000000a336e00000,0x000000a336f00000) (1024K)]


Current CompileTask:
C2:   5303 1708       4       java.lang.invoke.MethodType::makeImpl (109 bytes)

Stack: [0x000000a336e00000,0x000000a336f00000]
Native frames: (J=compiled Java code, j=interpreted, Vv=VM code, C=native code)
V  [jvm.dll+0x6cae19]
V  [jvm.dll+0x855741]
V  [jvm.dll+0x857c6e]
V  [jvm.dll+0x858343]
V  [jvm.dll+0x27e0b6]
V  [jvm.dll+0xc4ecd]
V  [jvm.dll+0xc5403]
V  [jvm.dll+0x3b5752]
V  [jvm.dll+0x381e25]
V  [jvm.dll+0x38129a]
V  [jvm.dll+0x246b30]
V  [jvm.dll+0x24610f]
V  [jvm.dll+0x1c6efe]
V  [jvm.dll+0x255819]
V  [jvm.dll+0x253daa]
V  [jvm.dll+0x3eebb6]
V  [jvm.dll+0x7ffa1b]
V  [jvm.dll+0x6c94fd]
C  [ucrtbase.dll+0x37b0]
C  [KERNEL32.DLL+0x2e8d7]
C  [ntdll.dll+0x3c34c]


---------------  P R O C E S S  ---------------

Threads class SMR info:
_java_thread_list=0x000002197a637e30, length=30, elements={
0x0000021916537140, 0x0000021934688bb0, 0x0000021934689f80, 0x000002193468e5f0,
0x0000021934690c60, 0x00000219346949b0, 0x00000219346a3fe0, 0x00000219346c81a0,
0x00000219346c94e0, 0x00000219348dd720, 0x0000021934a398b0, 0x0000021934a39f10,
0x000002197a0d1570, 0x000002197a726500, 0x000002197a72e300, 0x000002197a72e960,
0x000002197a749020, 0x000002197a749680, 0x00000219349baed0, 0x000002197a7021e0,
0x000002197a703590, 0x000002197a702f00, 0x000002197a7007a0, 0x000002197a702870,
0x000002197a700e30, 0x000002197a701b50, 0x000002197a703c20, 0x000002197a7014c0,
0x000002197a7b3e90, 0x000002197aa620e0
}

Java Threads: ( => current thread )
  0x0000021916537140 JavaThread "Forwarding get on session 25d100f10bcd65888ccd878d87c2c61a to remote"        [_thread_blocked, id=46848, stack(0x000000a336000000,0x000000a336100000) (1024K)]
  0x0000021934688bb0 JavaThread "Reference Handler"          daemon [_thread_blocked, id=37580, stack(0x000000a336800000,0x000000a336900000) (1024K)]
  0x0000021934689f80 JavaThread "Finalizer"                  daemon [_thread_blocked, id=45568, stack(0x000000a336900000,0x000000a336a00000) (1024K)]
  0x000002193468e5f0 JavaThread "Signal Dispatcher"          daemon [_thread_blocked, id=36508, stack(0x000000a336a00000,0x000000a336b00000) (1024K)]
  0x0000021934690c60 JavaThread "Attach Listener"            daemon [_thread_blocked, id=17084, stack(0x000000a336b00000,0x000000a336c00000) (1024K)]
  0x00000219346949b0 JavaThread "Service Thread"             daemon [_thread_blocked, id=7884, stack(0x000000a336c00000,0x000000a336d00000) (1024K)]
  0x00000219346a3fe0 JavaThread "Monitor Deflation Thread"   daemon [_thread_blocked, id=7908, stack(0x000000a336d00000,0x000000a336e00000) (1024K)]
=>0x00000219346c81a0 JavaThread "C2 CompilerThread0"         daemon [_thread_in_native, id=22556, stack(0x000000a336e00000,0x000000a336f00000) (1024K)]
  0x00000219346c94e0 JavaThread "C1 CompilerThread0"         daemon [_thread_blocked, id=39864, stack(0x000000a336f00000,0x000000a337000000) (1024K)]
  0x00000219348dd720 JavaThread "Common-Cleaner"             daemon [_thread_blocked, id=17676, stack(0x000000a337000000,0x000000a337100000) (1024K)]
  0x0000021934a398b0 JavaThread "Monitor Ctrl-Break"         daemon [_thread_in_native, id=47156, stack(0x000000a337200000,0x000000a337300000) (1024K)]
  0x0000021934a39f10 JavaThread "Notification Thread"        daemon [_thread_blocked, id=41740, stack(0x000000a337300000,0x000000a337400000) (1024K)]
  0x000002197a0d1570 JavaThread "ForkJoinPool.commonPool-worker-1" daemon [_thread_blocked, id=34800, stack(0x000000a337400000,0x000000a337500000) (1024K)]
  0x000002197a726500 JavaThread "HttpClient-1-SelectorManager" daemon [_thread_in_native, id=39200, stack(0x000000a337500000,0x000000a337600000) (1024K)]
  0x000002197a72e300 JavaThread "External Process Output Forwarder - C:\Users\Abhis\.cache\selenium\chromedriver\win64\138.0.7204.168\chromedriver.exe" daemon [_thread_in_native, id=47204, stack(0x000000a337600000,0x000000a337700000) (1024K)]
  0x000002197a72e960 JavaThread "Driver Service Executor"    daemon [_thread_blocked, id=6052, stack(0x000000a337700000,0x000000a337800000) (1024K)]
  0x000002197a749020 JavaThread "Driver Service Executor"    daemon [_thread_in_native, id=13644, stack(0x000000a337800000,0x000000a337900000) (1024K)]
  0x000002197a749680 JavaThread "UrlChecker-2"               daemon [_thread_blocked, id=39320, stack(0x000000a337900000,0x000000a337a00000) (1024K)]
  0x00000219349baed0 JavaThread "Keep-Alive-Timer"           daemon [_thread_blocked, id=1204, stack(0x000000a337100000,0x000000a337200000) (1024K)]
  0x000002197a7021e0 JavaThread "JdkHttpClient-0-0"          daemon [_thread_blocked, id=38252, stack(0x000000a338200000,0x000000a338300000) (1024K)]
  0x000002197a703590 JavaThread "CompletableFutureDelayScheduler" daemon [_thread_blocked, id=41060, stack(0x000000a338300000,0x000000a338400000) (1024K)]
  0x000002197a702f00 JavaThread "JdkHttpClient-0-1"          daemon [_thread_blocked, id=40528, stack(0x000000a338400000,0x000000a338500000) (1024K)]
  0x000002197a7007a0 JavaThread "JdkHttpClient-0-2"          daemon [_thread_blocked, id=10580, stack(0x000000a338500000,0x000000a338600000) (1024K)]
  0x000002197a702870 JavaThread "JdkHttpClient-0-3"          daemon [_thread_blocked, id=19512, stack(0x000000a338600000,0x000000a338700000) (1024K)]
  0x000002197a700e30 JavaThread "HttpClient-2-SelectorManager" daemon [_thread_in_native, id=18996, stack(0x000000a338700000,0x000000a338800000) (1024K)]
  0x000002197a701b50 JavaThread "JdkHttpClient-1-0"          daemon [_thread_blocked, id=21032, stack(0x000000a338800000,0x000000a338900000) (1024K)]
  0x000002197a703c20 JavaThread "JdkHttpClient-1-1"          daemon [_thread_blocked, id=44144, stack(0x000000a338900000,0x000000a338a00000) (1024K)]
  0x000002197a7014c0 JavaThread "JdkHttpClient-1-2"          daemon [_thread_blocked, id=15664, stack(0x000000a338a00000,0x000000a338b00000) (1024K)]
  0x000002197a7b3e90 JavaThread "JdkHttpClient-1-3"          daemon [_thread_blocked, id=40320, stack(0x000000a338b00000,0x000000a338c00000) (1024K)]
  0x000002197aa620e0 JavaThread "C2 CompilerThread1"         daemon [_thread_blocked, id=10536, stack(0x000000a338c00000,0x000000a338d00000) (1024K)]
Total: 30

Other Threads:
  0x0000021934670aa0 VMThread "VM Thread"                           [id=42756, stack(0x000000a336700000,0x000000a336800000) (1024K)]
  0x00000219346579c0 WatcherThread "VM Periodic Task Thread"        [id=19824, stack(0x000000a336600000,0x000000a336700000) (1024K)]
  0x00000219187b3300 WorkerThread "GC Thread#0"                     [id=7944, stack(0x000000a336100000,0x000000a336200000) (1024K)]
  0x0000021934670e40 WorkerThread "GC Thread#1"                     [id=28124, stack(0x000000a337b00000,0x000000a337c00000) (1024K)]
  0x0000021934670700 WorkerThread "GC Thread#2"                     [id=43724, stack(0x000000a337c00000,0x000000a337d00000) (1024K)]
  0x0000021934672060 WorkerThread "GC Thread#3"                     [id=14284, stack(0x000000a337d00000,0x000000a337e00000) (1024K)]
  0x0000021934671580 WorkerThread "GC Thread#4"                     [id=13456, stack(0x000000a337e00000,0x000000a337f00000) (1024K)]
  0x0000021934671920 WorkerThread "GC Thread#5"                     [id=42688, stack(0x000000a337f00000,0x000000a338000000) (1024K)]
  0x0000021934671cc0 WorkerThread "GC Thread#6"                     [id=46396, stack(0x000000a338000000,0x000000a338100000) (1024K)]
  0x000002197a6e95d0 WorkerThread "GC Thread#7"                     [id=29300, stack(0x000000a338100000,0x000000a338200000) (1024K)]
  0x00000219187bfd70 ConcurrentGCThread "G1 Main Marker"            [id=37536, stack(0x000000a336200000,0x000000a336300000) (1024K)]
  0x00000219187c1f70 WorkerThread "G1 Conc#0"                       [id=43668, stack(0x000000a336300000,0x000000a336400000) (1024K)]
  0x000002191882e280 ConcurrentGCThread "G1 Refine#0"               [id=41728, stack(0x000000a336400000,0x000000a336500000) (1024K)]
  0x000002191882e910 ConcurrentGCThread "G1 Service"                [id=18492, stack(0x000000a336500000,0x000000a336600000) (1024K)]
Total: 14

Threads with active compile tasks:
C2 CompilerThread0     5331 1708       4       java.lang.invoke.MethodType::makeImpl (109 bytes)
Total: 1

VM state: not at safepoint (normal execution)

VM Mutex/Monitor currently owned by a thread: None

Heap address: 0x00000000a2400000, size: 1500 MB, Compressed Oops mode: 32-bit

CDS archive(s) mapped at: [0x0000021935000000-0x0000021935c90000-0x0000021935c90000), size 13172736, SharedBaseAddress: 0x0000021935000000, ArchiveRelocationMode: 1.
Compressed class space mapped at: 0x0000021936000000-0x0000021976000000, reserved size: 1073741824
Narrow klass base: 0x0000021935000000, Narrow klass shift: 0, Narrow klass range: 0x100000000

GC Precious Log:
 CardTable entry size: 512
 Card Set container configuration: InlinePtr #cards 5 size 8 Array Of Cards #cards 12 size 40 Howl #buckets 4 coarsen threshold 1843 Howl Bitmap #cards 512 size 80 coarsen threshold 460 Card regions per heap region 1 cards per card region 2048
 CPUs: 8 total, 8 available
 Memory: 5996M
 Large Page Support: Disabled
 NUMA Support: Disabled
 Compressed Oops: Enabled (32-bit)
 Heap Region Size: 1M
 Heap Min Capacity: 8M
 Heap Initial Capacity: 94M
 Heap Max Capacity: 1500M
 Pre-touch: Disabled
 Parallel Workers: 8
 Concurrent Workers: 2
 Concurrent Refinement Workers: 8
 Periodic GC: Disabled

Heap:
 garbage-first heap   total 96256K, used 13312K [0x00000000a2400000, 0x0000000100000000)
  region size 1024K, 11 young (11264K), 3 survivors (3072K)
 Metaspace       used 12098K, committed 12480K, reserved 1114112K
  class space    used 1430K, committed 1600K, reserved 1048576K

Heap Regions: E=young(eden), S=young(survivor), O=old, HS=humongous(starts), HC=humongous(continues), CS=collection set, F=free, TAMS=top-at-mark-start, PB=parsable bottom
|   0|0x00000000a2400000, 0x00000000a2500000, 0x00000000a2500000|100%|HS|  |TAMS 0x00000000a2400000| PB 0x00000000a2400000| Complete 
|   1|0x00000000a2500000, 0x00000000a2600000, 0x00000000a2600000|100%| O|  |TAMS 0x00000000a2500000| PB 0x00000000a2500000| Untracked 
|   2|0x00000000a2600000, 0x00000000a2700000, 0x00000000a2700000|100%| O|  |TAMS 0x00000000a2600000| PB 0x00000000a2600000| Untracked 
|   3|0x00000000a2700000, 0x00000000a2700000, 0x00000000a2800000|  0%| F|  |TAMS 0x00000000a2700000| PB 0x00000000a2700000| Untracked 
|   4|0x00000000a2800000, 0x00000000a2800000, 0x00000000a2900000|  0%| F|  |TAMS 0x00000000a2800000| PB 0x00000000a2800000| Untracked 
|   5|0x00000000a2900000, 0x00000000a2900000, 0x00000000a2a00000|  0%| F|  |TAMS 0x00000000a2900000| PB 0x00000000a2900000| Untracked 
|   6|0x00000000a2a00000, 0x00000000a2a00000, 0x00000000a2b00000|  0%| F|  |TAMS 0x00000000a2a00000| PB 0x00000000a2a00000| Untracked 
|   7|0x00000000a2b00000, 0x00000000a2b00000, 0x00000000a2c00000|  0%| F|  |TAMS 0x00000000a2b00000| PB 0x00000000a2b00000| Untracked 
|   8|0x00000000a2c00000, 0x00000000a2c00000, 0x00000000a2d00000|  0%| F|  |TAMS 0x00000000a2c00000| PB 0x00000000a2c00000| Untracked 
|   9|0x00000000a2d00000, 0x00000000a2d00000, 0x00000000a2e00000|  0%| F|  |TAMS 0x00000000a2d00000| PB 0x00000000a2d00000| Untracked 
|  10|0x00000000a2e00000, 0x00000000a2e00000, 0x00000000a2f00000|  0%| F|  |TAMS 0x00000000a2e00000| PB 0x00000000a2e00000| Untracked 
|  11|0x00000000a2f00000, 0x00000000a2f00000, 0x00000000a3000000|  0%| F|  |TAMS 0x00000000a2f00000| PB 0x00000000a2f00000| Untracked 
|  12|0x00000000a3000000, 0x00000000a3000000, 0x00000000a3100000|  0%| F|  |TAMS 0x00000000a3000000| PB 0x00000000a3000000| Untracked 
|  13|0x00000000a3100000, 0x00000000a3100000, 0x00000000a3200000|  0%| F|  |TAMS 0x00000000a3100000| PB 0x00000000a3100000| Untracked 
|  14|0x00000000a3200000, 0x00000000a3200000, 0x00000000a3300000|  0%| F|  |TAMS 0x00000000a3200000| PB 0x00000000a3200000| Untracked 
|  15|0x00000000a3300000, 0x00000000a3300000, 0x00000000a3400000|  0%| F|  |TAMS 0x00000000a3300000| PB 0x00000000a3300000| Untracked 
|  16|0x00000000a3400000, 0x00000000a3400000, 0x00000000a3500000|  0%| F|  |TAMS 0x00000000a3400000| PB 0x00000000a3400000| Untracked 
|  17|0x00000000a3500000, 0x00000000a3500000, 0x00000000a3600000|  0%| F|  |TAMS 0x00000000a3500000| PB 0x00000000a3500000| Untracked 
|  18|0x00000000a3600000, 0x00000000a3600000, 0x00000000a3700000|  0%| F|  |TAMS 0x00000000a3600000| PB 0x00000000a3600000| Untracked 
|  19|0x00000000a3700000, 0x00000000a3700000, 0x00000000a3800000|  0%| F|  |TAMS 0x00000000a3700000| PB 0x00000000a3700000| Untracked 
|  20|0x00000000a3800000, 0x00000000a3800000, 0x00000000a3900000|  0%| F|  |TAMS 0x00000000a3800000| PB 0x00000000a3800000| Untracked 
|  21|0x00000000a3900000, 0x00000000a3900000, 0x00000000a3a00000|  0%| F|  |TAMS 0x00000000a3900000| PB 0x00000000a3900000| Untracked 
|  22|0x00000000a3a00000, 0x00000000a3a00000, 0x00000000a3b00000|  0%| F|  |TAMS 0x00000000a3a00000| PB 0x00000000a3a00000| Untracked 
|  23|0x00000000a3b00000, 0x00000000a3b00000, 0x00000000a3c00000|  0%| F|  |TAMS 0x00000000a3b00000| PB 0x00000000a3b00000| Untracked 
|  24|0x00000000a3c00000, 0x00000000a3c00000, 0x00000000a3d00000|  0%| F|  |TAMS 0x00000000a3c00000| PB 0x00000000a3c00000| Untracked 
|  25|0x00000000a3d00000, 0x00000000a3d00000, 0x00000000a3e00000|  0%| F|  |TAMS 0x00000000a3d00000| PB 0x00000000a3d00000| Untracked 
|  26|0x00000000a3e00000, 0x00000000a3e00000, 0x00000000a3f00000|  0%| F|  |TAMS 0x00000000a3e00000| PB 0x00000000a3e00000| Untracked 
|  27|0x00000000a3f00000, 0x00000000a3f00000, 0x00000000a4000000|  0%| F|  |TAMS 0x00000000a3f00000| PB 0x00000000a3f00000| Untracked 
|  28|0x00000000a4000000, 0x00000000a4000000, 0x00000000a4100000|  0%| F|  |TAMS 0x00000000a4000000| PB 0x00000000a4000000| Untracked 
|  29|0x00000000a4100000, 0x00000000a4100000, 0x00000000a4200000|  0%| F|  |TAMS 0x00000000a4100000| PB 0x00000000a4100000| Untracked 
|  30|0x00000000a4200000, 0x00000000a4200000, 0x00000000a4300000|  0%| F|  |TAMS 0x00000000a4200000| PB 0x00000000a4200000| Untracked 
|  31|0x00000000a4300000, 0x00000000a4300000, 0x00000000a4400000|  0%| F|  |TAMS 0x00000000a4300000| PB 0x00000000a4300000| Untracked 
|  32|0x00000000a4400000, 0x00000000a4400000, 0x00000000a4500000|  0%| F|  |TAMS 0x00000000a4400000| PB 0x00000000a4400000| Untracked 
|  33|0x00000000a4500000, 0x00000000a4500000, 0x00000000a4600000|  0%| F|  |TAMS 0x00000000a4500000| PB 0x00000000a4500000| Untracked 
|  34|0x00000000a4600000, 0x00000000a4600000, 0x00000000a4700000|  0%| F|  |TAMS 0x00000000a4600000| PB 0x00000000a4600000| Untracked 
|  35|0x00000000a4700000, 0x00000000a4700000, 0x00000000a4800000|  0%| F|  |TAMS 0x00000000a4700000| PB 0x00000000a4700000| Untracked 
|  36|0x00000000a4800000, 0x00000000a4800000, 0x00000000a4900000|  0%| F|  |TAMS 0x00000000a4800000| PB 0x00000000a4800000| Untracked 
|  37|0x00000000a4900000, 0x00000000a4900000, 0x00000000a4a00000|  0%| F|  |TAMS 0x00000000a4900000| PB 0x00000000a4900000| Untracked 
|  38|0x00000000a4a00000, 0x00000000a4a00000, 0x00000000a4b00000|  0%| F|  |TAMS 0x00000000a4a00000| PB 0x00000000a4a00000| Untracked 
|  39|0x00000000a4b00000, 0x00000000a4b00000, 0x00000000a4c00000|  0%| F|  |TAMS 0x00000000a4b00000| PB 0x00000000a4b00000| Untracked 
|  40|0x00000000a4c00000, 0x00000000a4c00000, 0x00000000a4d00000|  0%| F|  |TAMS 0x00000000a4c00000| PB 0x00000000a4c00000| Untracked 
|  41|0x00000000a4d00000, 0x00000000a4d00000, 0x00000000a4e00000|  0%| F|  |TAMS 0x00000000a4d00000| PB 0x00000000a4d00000| Untracked 
|  42|0x00000000a4e00000, 0x00000000a4e00000, 0x00000000a4f00000|  0%| F|  |TAMS 0x00000000a4e00000| PB 0x00000000a4e00000| Untracked 
|  43|0x00000000a4f00000, 0x00000000a4f00000, 0x00000000a5000000|  0%| F|  |TAMS 0x00000000a4f00000| PB 0x00000000a4f00000| Untracked 
|  44|0x00000000a5000000, 0x00000000a5000000, 0x00000000a5100000|  0%| F|  |TAMS 0x00000000a5000000| PB 0x00000000a5000000| Untracked 
|  45|0x00000000a5100000, 0x00000000a5100000, 0x00000000a5200000|  0%| F|  |TAMS 0x00000000a5100000| PB 0x00000000a5100000| Untracked 
|  46|0x00000000a5200000, 0x00000000a5200000, 0x00000000a5300000|  0%| F|  |TAMS 0x00000000a5200000| PB 0x00000000a5200000| Untracked 
|  47|0x00000000a5300000, 0x00000000a5300000, 0x00000000a5400000|  0%| F|  |TAMS 0x00000000a5300000| PB 0x00000000a5300000| Untracked 
|  48|0x00000000a5400000, 0x00000000a5400000, 0x00000000a5500000|  0%| F|  |TAMS 0x00000000a5400000| PB 0x00000000a5400000| Untracked 
|  49|0x00000000a5500000, 0x00000000a5500000, 0x00000000a5600000|  0%| F|  |TAMS 0x00000000a5500000| PB 0x00000000a5500000| Untracked 
|  50|0x00000000a5600000, 0x00000000a5600000, 0x00000000a5700000|  0%| F|  |TAMS 0x00000000a5600000| PB 0x00000000a5600000| Untracked 
|  51|0x00000000a5700000, 0x00000000a5700000, 0x00000000a5800000|  0%| F|  |TAMS 0x00000000a5700000| PB 0x00000000a5700000| Untracked 
|  52|0x00000000a5800000, 0x00000000a5800000, 0x00000000a5900000|  0%| F|  |TAMS 0x00000000a5800000| PB 0x00000000a5800000| Untracked 
|  53|0x00000000a5900000, 0x00000000a5900000, 0x00000000a5a00000|  0%| F|  |TAMS 0x00000000a5900000| PB 0x00000000a5900000| Untracked 
|  54|0x00000000a5a00000, 0x00000000a5a00000, 0x00000000a5b00000|  0%| F|  |TAMS 0x00000000a5a00000| PB 0x00000000a5a00000| Untracked 
|  55|0x00000000a5b00000, 0x00000000a5b00000, 0x00000000a5c00000|  0%| F|  |TAMS 0x00000000a5b00000| PB 0x00000000a5b00000| Untracked 
|  56|0x00000000a5c00000, 0x00000000a5c00000, 0x00000000a5d00000|  0%| F|  |TAMS 0x00000000a5c00000| PB 0x00000000a5c00000| Untracked 
|  57|0x00000000a5d00000, 0x00000000a5d00000, 0x00000000a5e00000|  0%| F|  |TAMS 0x00000000a5d00000| PB 0x00000000a5d00000| Untracked 
|  58|0x00000000a5e00000, 0x00000000a5e00000, 0x00000000a5f00000|  0%| F|  |TAMS 0x00000000a5e00000| PB 0x00000000a5e00000| Untracked 
|  59|0x00000000a5f00000, 0x00000000a5f00000, 0x00000000a6000000|  0%| F|  |TAMS 0x00000000a5f00000| PB 0x00000000a5f00000| Untracked 
|  60|0x00000000a6000000, 0x00000000a6000000, 0x00000000a6100000|  0%| F|  |TAMS 0x00000000a6000000| PB 0x00000000a6000000| Untracked 
|  61|0x00000000a6100000, 0x00000000a6100000, 0x00000000a6200000|  0%| F|  |TAMS 0x00000000a6100000| PB 0x00000000a6100000| Untracked 
|  62|0x00000000a6200000, 0x00000000a6200000, 0x00000000a6300000|  0%| F|  |TAMS 0x00000000a6200000| PB 0x00000000a6200000| Untracked 
|  63|0x00000000a6300000, 0x00000000a6300000, 0x00000000a6400000|  0%| F|  |TAMS 0x00000000a6300000| PB 0x00000000a6300000| Untracked 
|  64|0x00000000a6400000, 0x00000000a6400000, 0x00000000a6500000|  0%| F|  |TAMS 0x00000000a6400000| PB 0x00000000a6400000| Untracked 
|  65|0x00000000a6500000, 0x00000000a6500000, 0x00000000a6600000|  0%| F|  |TAMS 0x00000000a6500000| PB 0x00000000a6500000| Untracked 
|  66|0x00000000a6600000, 0x00000000a6600000, 0x00000000a6700000|  0%| F|  |TAMS 0x00000000a6600000| PB 0x00000000a6600000| Untracked 
|  67|0x00000000a6700000, 0x00000000a6700000, 0x00000000a6800000|  0%| F|  |TAMS 0x00000000a6700000| PB 0x00000000a6700000| Untracked 
|  68|0x00000000a6800000, 0x00000000a6900000, 0x00000000a6900000|100%| S|CS|TAMS 0x00000000a6800000| PB 0x00000000a6800000| Complete 
|  69|0x00000000a6900000, 0x00000000a6a00000, 0x00000000a6a00000|100%| S|CS|TAMS 0x00000000a6900000| PB 0x00000000a6900000| Complete 
|  70|0x00000000a6a00000, 0x00000000a6b00000, 0x00000000a6b00000|100%| S|CS|TAMS 0x00000000a6a00000| PB 0x00000000a6a00000| Complete 
|  71|0x00000000a6b00000, 0x00000000a6b00000, 0x00000000a6c00000|  0%| F|  |TAMS 0x00000000a6b00000| PB 0x00000000a6b00000| Untracked 
|  72|0x00000000a6c00000, 0x00000000a6c00000, 0x00000000a6d00000|  0%| F|  |TAMS 0x00000000a6c00000| PB 0x00000000a6c00000| Untracked 
|  73|0x00000000a6d00000, 0x00000000a6d00000, 0x00000000a6e00000|  0%| F|  |TAMS 0x00000000a6d00000| PB 0x00000000a6d00000| Untracked 
|  74|0x00000000a6e00000, 0x00000000a6e00000, 0x00000000a6f00000|  0%| F|  |TAMS 0x00000000a6e00000| PB 0x00000000a6e00000| Untracked 
|  75|0x00000000a6f00000, 0x00000000a6f00000, 0x00000000a7000000|  0%| F|  |TAMS 0x00000000a6f00000| PB 0x00000000a6f00000| Untracked 
|  76|0x00000000a7000000, 0x00000000a7000000, 0x00000000a7100000|  0%| F|  |TAMS 0x00000000a7000000| PB 0x00000000a7000000| Untracked 
|  77|0x00000000a7100000, 0x00000000a7100000, 0x00000000a7200000|  0%| F|  |TAMS 0x00000000a7100000| PB 0x00000000a7100000| Untracked 
|  78|0x00000000a7200000, 0x00000000a7200000, 0x00000000a7300000|  0%| F|  |TAMS 0x00000000a7200000| PB 0x00000000a7200000| Untracked 
|  79|0x00000000a7300000, 0x00000000a7300000, 0x00000000a7400000|  0%| F|  |TAMS 0x00000000a7300000| PB 0x00000000a7300000| Untracked 
|  80|0x00000000a7400000, 0x00000000a7400000, 0x00000000a7500000|  0%| F|  |TAMS 0x00000000a7400000| PB 0x00000000a7400000| Untracked 
|  81|0x00000000a7500000, 0x00000000a7500000, 0x00000000a7600000|  0%| F|  |TAMS 0x00000000a7500000| PB 0x00000000a7500000| Untracked 
|  82|0x00000000a7600000, 0x00000000a7600000, 0x00000000a7700000|  0%| F|  |TAMS 0x00000000a7600000| PB 0x00000000a7600000| Untracked 
|  83|0x00000000a7700000, 0x00000000a7700000, 0x00000000a7800000|  0%| F|  |TAMS 0x00000000a7700000| PB 0x00000000a7700000| Untracked 
|  84|0x00000000a7800000, 0x00000000a7800000, 0x00000000a7900000|  0%| F|  |TAMS 0x00000000a7800000| PB 0x00000000a7800000| Untracked 
|  85|0x00000000a7900000, 0x00000000a7900000, 0x00000000a7a00000|  0%| F|  |TAMS 0x00000000a7900000| PB 0x00000000a7900000| Untracked 
|  86|0x00000000a7a00000, 0x00000000a7a1be80, 0x00000000a7b00000| 10%| E|  |TAMS 0x00000000a7a00000| PB 0x00000000a7a00000| Complete 
|  87|0x00000000a7b00000, 0x00000000a7c00000, 0x00000000a7c00000|100%| E|CS|TAMS 0x00000000a7b00000| PB 0x00000000a7b00000| Complete 
|  88|0x00000000a7c00000, 0x00000000a7d00000, 0x00000000a7d00000|100%| E|CS|TAMS 0x00000000a7c00000| PB 0x00000000a7c00000| Complete 
|  89|0x00000000a7d00000, 0x00000000a7e00000, 0x00000000a7e00000|100%| E|CS|TAMS 0x00000000a7d00000| PB 0x00000000a7d00000| Complete 
|  90|0x00000000a7e00000, 0x00000000a7f00000, 0x00000000a7f00000|100%| E|CS|TAMS 0x00000000a7e00000| PB 0x00000000a7e00000| Complete 
|  91|0x00000000a7f00000, 0x00000000a8000000, 0x00000000a8000000|100%| E|CS|TAMS 0x00000000a7f00000| PB 0x00000000a7f00000| Complete 
|  92|0x00000000a8000000, 0x00000000a8100000, 0x00000000a8100000|100%| E|CS|TAMS 0x00000000a8000000| PB 0x00000000a8000000| Complete 
|  93|0x00000000a8100000, 0x00000000a8200000, 0x00000000a8200000|100%| E|CS|TAMS 0x00000000a8100000| PB 0x00000000a8100000| Complete 

Card table byte_map: [0x0000021930220000,0x0000021930510000] _byte_map_base: 0x000002192fd0e000

Marking Bits: (CMBitMap*) 0x00000219187b3910
 Bits: [0x0000021930510000, 0x0000021931c80000)

Polling page: 0x0000021916640000

Metaspace:

Usage:
  Non-class:     10.42 MB used.
      Class:      1.40 MB used.
       Both:     11.82 MB used.

Virtual space:
  Non-class space:       64.00 MB reserved,      10.62 MB ( 17%) committed,  1 nodes.
      Class space:        1.00 GB reserved,       1.56 MB ( <1%) committed,  1 nodes.
             Both:        1.06 GB reserved,      12.19 MB (  1%) committed. 

Chunk freelists:
   Non-Class:  5.30 MB
       Class:  14.36 MB
        Both:  19.66 MB

MaxMetaspaceSize: unlimited
CompressedClassSpaceSize: 1.00 GB
Initial GC threshold: 21.00 MB
Current GC threshold: 21.00 MB
CDS: on
 - commit_granule_bytes: 65536.
 - commit_granule_words: 8192.
 - virtual_space_node_default_size: 8388608.
 - enlarge_chunks_in_place: 1.
 - use_allocation_guard: 0.


Internal statistics:

num_allocs_failed_limit: 0.
num_arena_births: 336.
num_arena_deaths: 0.
num_vsnodes_births: 2.
num_vsnodes_deaths: 0.
num_space_committed: 195.
num_space_uncommitted: 0.
num_chunks_returned_to_freelist: 0.
num_chunks_taken_from_freelist: 637.
num_chunk_merges: 0.
num_chunk_splits: 366.
num_chunks_enlarged: 197.
num_inconsistent_stats: 0.

CodeHeap 'non-profiled nmethods': size=120000Kb used=552Kb max_used=552Kb free=119447Kb
 bounds [0x00000219286d0000, 0x0000021928940000, 0x000002192fc00000]
CodeHeap 'profiled nmethods': size=120000Kb used=3400Kb max_used=3400Kb free=116599Kb
 bounds [0x0000021920c00000, 0x0000021920f60000, 0x0000021928130000]
CodeHeap 'non-nmethods': size=5760Kb used=1441Kb max_used=1455Kb free=4319Kb
 bounds [0x0000021928130000, 0x00000219283a0000, 0x00000219286d0000]
 total_blobs=2347 nmethods=1817 adapters=435
 compilation: enabled
              stopped_count=0, restarted_count=0
 full_count=0

Compilation events (20 events):
Event: 4.305 Thread 0x00000219346c94e0 1804       3       java.util.concurrent.CompletableFuture::<init> (5 bytes)
Event: 4.305 Thread 0x00000219346c94e0 nmethod 1804 0x0000021920f4a890 code [0x0000021920f4aa40, 0x0000021920f4aba8]
Event: 4.306 Thread 0x00000219346c94e0 1805       3       jdk.internal.misc.CarrierThreadLocal::get (10 bytes)
Event: 4.306 Thread 0x00000219346c94e0 nmethod 1805 0x0000021920f4ac90 code [0x0000021920f4ae60, 0x0000021920f4b120]
Event: 4.306 Thread 0x00000219346c94e0 1810       3       java.lang.StringLatin1::trim (76 bytes)
Event: 4.306 Thread 0x00000219346c94e0 nmethod 1810 0x0000021920f4b210 code [0x0000021920f4b3e0, 0x0000021920f4b7b8]
Event: 4.306 Thread 0x00000219346c94e0 1806       3       java.lang.System$2::getCarrierThreadLocal (5 bytes)
Event: 4.306 Thread 0x00000219346c94e0 nmethod 1806 0x0000021920f4b910 code [0x0000021920f4bac0, 0x0000021920f4bd18]
Event: 4.306 Thread 0x00000219346c94e0 1807       3       java.lang.ThreadLocal::getCarrierThreadLocal (29 bytes)
Event: 4.306 Thread 0x00000219346c94e0 nmethod 1807 0x0000021920f4be10 code [0x0000021920f4bfc0, 0x0000021920f4c128]
Event: 4.306 Thread 0x00000219346c94e0 1808       3       java.lang.ThreadLocal::get (35 bytes)
Event: 4.306 Thread 0x00000219346c94e0 nmethod 1808 0x0000021920f4c210 code [0x0000021920f4c3e0, 0x0000021920f4c6f8]
Event: 4.306 Thread 0x00000219346c94e0 1811       3       java.util.stream.AbstractPipeline::wrapAndCopyInto (18 bytes)
Event: 4.307 Thread 0x00000219346c94e0 nmethod 1811 0x0000021920f4c890 code [0x0000021920f4ca80, 0x0000021920f4ce90]
Event: 4.307 Thread 0x00000219346c94e0 1812       3       java.util.stream.Sink::end (1 bytes)
Event: 4.307 Thread 0x00000219346c94e0 nmethod 1812 0x0000021920f4d010 code [0x0000021920f4d1a0, 0x0000021920f4d2a8]
Event: 4.307 Thread 0x00000219346c94e0 1809       1       java.util.concurrent.atomic.AtomicReference::get (5 bytes)
Event: 4.307 Thread 0x00000219346c94e0 nmethod 1809 0x0000021928758b90 code [0x0000021928758d20, 0x0000021928758de8]
Event: 4.307 Thread 0x00000219346c94e0 1813       3       java.util.stream.AbstractPipeline::sourceSpliterator (265 bytes)
Event: 5.298 Thread 0x00000219346c94e0 nmethod 1813 0x0000021920f4d310 code [0x0000021920f4d5c0, 0x0000021920f4e5b0]

GC Heap History (2 events):
Event: 1.398 GC heap before
{Heap before GC invocations=0 (full 0):
 garbage-first heap   total 96256K, used 23552K [0x00000000a2400000, 0x0000000100000000)
  region size 1024K, 23 young (23552K), 0 survivors (0K)
 Metaspace       used 9662K, committed 9920K, reserved 1114112K
  class space    used 1100K, committed 1216K, reserved 1048576K
}
Event: 1.410 GC heap after
{Heap after GC invocations=1 (full 0):
 garbage-first heap   total 96256K, used 6144K [0x00000000a2400000, 0x0000000100000000)
  region size 1024K, 3 young (3072K), 3 survivors (3072K)
 Metaspace       used 9662K, committed 9920K, reserved 1114112K
  class space    used 1100K, committed 1216K, reserved 1048576K
}

Dll operation events (12 events):
Event: 0.019 Loaded shared library C:\Program Files\Java\jdk-21\bin\java.dll
Event: 0.068 Loaded shared library C:\Program Files\Java\jdk-21\bin\jsvml.dll
Event: 0.181 Loaded shared library C:\Program Files\Java\jdk-21\bin\zip.dll
Event: 0.188 Loaded shared library C:\Program Files\Java\jdk-21\bin\instrument.dll
Event: 0.199 Loaded shared library C:\Program Files\Java\jdk-21\bin\net.dll
Event: 0.203 Loaded shared library C:\Program Files\Java\jdk-21\bin\nio.dll
Event: 0.207 Loaded shared library C:\Program Files\Java\jdk-21\bin\zip.dll
Event: 0.287 Loaded shared library C:\Program Files\Java\jdk-21\bin\extnet.dll
Event: 0.325 Loaded shared library C:\Program Files\Java\jdk-21\bin\jimage.dll
Event: 0.402 Loaded shared library C:\Program Files\Java\jdk-21\bin\management.dll
Event: 0.406 Loaded shared library C:\Program Files\Java\jdk-21\bin\management_ext.dll
Event: 1.192 Loaded shared library C:\Program Files\Java\jdk-21\bin\sunmscapi.dll

Deoptimization events (20 events):
Event: 1.264 Thread 0x0000021916537140 DEOPT PACKING pc=0x00000219286ff3e4 sp=0x000000a3360fddb0
Event: 1.264 Thread 0x0000021916537140 DEOPT UNPACKING pc=0x00000219281846a2 sp=0x000000a3360fdd68 mode 2
Event: 1.282 Thread 0x0000021916537140 DEOPT PACKING pc=0x0000021920e1b17c sp=0x000000a3360fd030
Event: 1.282 Thread 0x0000021916537140 DEOPT UNPACKING pc=0x0000021928184e42 sp=0x000000a3360fc468 mode 0
Event: 1.294 Thread 0x000002197a749680 Uncommon trap: trap_request=0xffffffde fr.pc=0x00000219286ff3e4 relative=0x0000000000000304
Event: 1.294 Thread 0x000002197a749680 Uncommon trap: reason=class_check action=maybe_recompile pc=0x00000219286ff3e4 method=java.util.regex.Pattern$BmpCharPropertyGreedy.match(Ljava/util/regex/Matcher;ILjava/lang/CharSequence;)Z @ 26 c2
Event: 1.294 Thread 0x000002197a749680 DEOPT PACKING pc=0x00000219286ff3e4 sp=0x000000a3379fe280
Event: 1.294 Thread 0x000002197a749680 DEOPT UNPACKING pc=0x00000219281846a2 sp=0x000000a3379fe218 mode 2
Event: 3.086 Thread 0x0000021916537140 Uncommon trap: trap_request=0xffffffc6 fr.pc=0x000002192874ba48 relative=0x00000000000002e8
Event: 3.086 Thread 0x0000021916537140 Uncommon trap: reason=bimorphic_or_optimized_type_check action=maybe_recompile pc=0x000002192874ba48 method=java.util.HashMap.getNode(Ljava/lang/Object;)Ljava/util/HashMap$Node; @ 128 c2
Event: 3.086 Thread 0x0000021916537140 DEOPT PACKING pc=0x000002192874ba48 sp=0x000000a3360fe260
Event: 3.086 Thread 0x0000021916537140 DEOPT UNPACKING pc=0x00000219281846a2 sp=0x000000a3360fe1c8 mode 2
Event: 3.092 Thread 0x0000021916537140 Uncommon trap: trap_request=0xffffffc6 fr.pc=0x000002192874ba48 relative=0x00000000000002e8
Event: 3.092 Thread 0x0000021916537140 Uncommon trap: reason=bimorphic_or_optimized_type_check action=maybe_recompile pc=0x000002192874ba48 method=java.util.HashMap.getNode(Ljava/lang/Object;)Ljava/util/HashMap$Node; @ 128 c2
Event: 3.092 Thread 0x0000021916537140 DEOPT PACKING pc=0x000002192874ba48 sp=0x000000a3360fe260
Event: 3.092 Thread 0x0000021916537140 DEOPT UNPACKING pc=0x00000219281846a2 sp=0x000000a3360fe1c8 mode 2
Event: 4.152 Thread 0x000002197a0d1570 Uncommon trap: trap_request=0xffffff45 fr.pc=0x0000021928742df0 relative=0x0000000000000a90
Event: 4.152 Thread 0x000002197a0d1570 Uncommon trap: reason=unstable_if action=reinterpret pc=0x0000021928742df0 method=sun.security.provider.SHA.implCompress0([BI)V @ 4 c2
Event: 4.152 Thread 0x000002197a0d1570 DEOPT PACKING pc=0x0000021928742df0 sp=0x000000a3374feb50
Event: 4.152 Thread 0x000002197a0d1570 DEOPT UNPACKING pc=0x00000219281846a2 sp=0x000000a3374feac0 mode 2

Classes loaded (20 events):
Event: 3.079 Loading class jdk/internal/access/JavaUtilCollectionAccess done
Event: 3.079 Loading class java/util/ImmutableCollections$Access$1 done
Event: 3.124 Loading class java/util/LinkedList$DescendingIterator
Event: 3.125 Loading class java/util/LinkedList$DescendingIterator done
Event: 3.128 Loading class java/util/concurrent/locks/ReadWriteLock
Event: 3.128 Loading class java/util/concurrent/locks/ReadWriteLock done
Event: 3.131 Loading class java/util/concurrent/locks/ReentrantReadWriteLock
Event: 3.131 Loading class java/util/concurrent/locks/ReentrantReadWriteLock done
Event: 3.131 Loading class java/util/concurrent/locks/ReentrantReadWriteLock$FairSync
Event: 3.131 Loading class java/util/concurrent/locks/ReentrantReadWriteLock$Sync
Event: 3.131 Loading class java/util/concurrent/locks/ReentrantReadWriteLock$Sync done
Event: 3.131 Loading class java/util/concurrent/locks/ReentrantReadWriteLock$FairSync done
Event: 3.131 Loading class java/util/concurrent/locks/ReentrantReadWriteLock$Sync$ThreadLocalHoldCounter
Event: 3.131 Loading class java/util/concurrent/locks/ReentrantReadWriteLock$Sync$ThreadLocalHoldCounter done
Event: 3.131 Loading class java/util/concurrent/locks/ReentrantReadWriteLock$ReadLock
Event: 3.132 Loading class java/util/concurrent/locks/ReentrantReadWriteLock$ReadLock done
Event: 3.132 Loading class java/util/concurrent/locks/ReentrantReadWriteLock$WriteLock
Event: 3.132 Loading class java/util/concurrent/locks/ReentrantReadWriteLock$WriteLock done
Event: 4.150 Loading class sun/net/www/HeaderParser
Event: 4.150 Loading class sun/net/www/HeaderParser done

Classes unloaded (0 events):
No events

Classes redefined (0 events):
No events

Internal exceptions (20 events):
Event: 0.864 Thread 0x0000021916537140 Exception <a 'sun/nio/fs/WindowsException'{0x00000000a753bde0}> (0x00000000a753bde0) 
thrown [s\open\src\hotspot\share\prims\jni.cpp, line 520]
Event: 0.937 Thread 0x0000021916537140 Exception <a 'java/lang/NoSuchMethodError'{0x00000000a7370bc0}: 'void java.lang.invoke.DirectMethodHandle$Holder.invokeVirtual(java.lang.Object, java.lang.Object)'> (0x00000000a7370bc0) 
thrown [s\open\src\hotspot\share\interpreter\linkResolver.cpp, line 773]
Event: 1.001 Thread 0x0000021916537140 Exception <a 'java/lang/NoSuchMethodError'{0x00000000a6f87b90}: 'java.lang.Object java.lang.invoke.DirectMethodHandle$Holder.invokeStaticInit(java.lang.Object, int, int, int, int)'> (0x00000000a6f87b90) 
thrown [s\open\src\hotspot\share\interpreter\linkResolver.cpp, line 773]
Event: 1.152 Thread 0x0000021916537140 Exception <a 'java/lang/NoSuchMethodError'{0x00000000a6e4db58}: 'java.lang.Object java.lang.invoke.DirectMethodHandle$Holder.invokeStaticInit(java.lang.Object, java.lang.Object, int, int, int, int)'> (0x00000000a6e4db58) 
thrown [s\open\src\hotspot\share\interpreter\linkResolver.cpp, line 773]
Event: 1.260 Thread 0x0000021916537140 Exception <a 'java/lang/NoSuchMethodError'{0x00000000a6d89c50}: 'java.lang.Object java.lang.invoke.DirectMethodHandle$Holder.invokeInterface(java.lang.Object, java.lang.Object, java.lang.Object)'> (0x00000000a6d89c50) 
thrown [s\open\src\hotspot\share\interpreter\linkResolver.cpp, line 773]
Event: 1.261 Thread 0x0000021916537140 Exception <a 'java/lang/IncompatibleClassChangeError'{0x00000000a6d8d048}: Found class java.lang.Object, but interface was expected> (0x00000000a6d8d048) 
thrown [s\open\src\hotspot\share\interpreter\linkResolver.cpp, line 840]
Event: 1.263 Thread 0x0000021916537140 Exception <a 'java/lang/NoSuchMethodError'{0x00000000a6d94250}: 'int java.lang.invoke.DirectMethodHandle$Holder.invokeSpecialIFC(java.lang.Object, java.lang.Object, java.lang.Object, java.lang.Object)'> (0x00000000a6d94250) 
thrown [s\open\src\hotspot\share\interpreter\linkResolver.cpp, line 773]
Event: 1.268 Thread 0x0000021916537140 Exception <a 'java/lang/NoSuchMethodError'{0x00000000a6db6b80}: 'java.lang.Object java.lang.invoke.DirectMethodHandle$Holder.invokeVirtual(java.lang.Object, java.lang.Object, java.lang.Object, java.lang.Object)'> (0x00000000a6db6b80) 
thrown [s\open\src\hotspot\share\interpreter\linkResolver.cpp, line 773]
Event: 1.301 Thread 0x000002197a749680 Exception <a 'java/net/ConnectException'{0x00000000a6c801f0}: Connection refused: getsockopt> (0x00000000a6c801f0) 
thrown [s\open\src\hotspot\share\prims\jni.cpp, line 539]
Event: 1.324 Thread 0x000002197a749680 Exception <a 'java/net/ConnectException'{0x00000000a6c81340}: Connection refused: getsockopt> (0x00000000a6c81340) 
thrown [s\open\src\hotspot\share\prims\jni.cpp, line 539]
Event: 1.387 Thread 0x0000021916537140 Exception <a 'java/lang/NoSuchMethodError'{0x00000000a6b90068}: 'java.lang.Object java.lang.invoke.DirectMethodHandle$Holder.newInvokeSpecial(java.lang.Object, java.lang.Object, int, int)'> (0x00000000a6b90068) 
thrown [s\open\src\hotspot\share\interpreter\linkResolver.cpp, line 773]
Event: 1.388 Thread 0x0000021916537140 Exception <a 'java/lang/NoSuchMethodError'{0x00000000a6b9a348}: 'void java.lang.invoke.DirectMethodHandle$Holder.invokeStatic(java.lang.Object, java.lang.Object, int)'> (0x00000000a6b9a348) 
thrown [s\open\src\hotspot\share\interpreter\linkResolver.cpp, line 773]
Event: 1.413 Thread 0x0000021916537140 Exception <a 'java/lang/NoSuchMethodError'{0x00000000a8114348}: 'java.lang.Object java.lang.invoke.DirectMethodHandle$Holder.newInvokeSpecial(java.lang.Object, java.lang.Object, java.lang.Object, java.lang.Object, java.lang.Object)'> (0x00000000a8114348) 
thrown [s\open\src\hotspot\share\interpreter\linkResolver.cpp, line 773]
Event: 1.464 Thread 0x000002197a7021e0 Exception <a 'java/lang/NoSuchMethodError'{0x00000000a80d3d30}: 'java.lang.Object java.lang.invoke.DirectMethodHandle$Holder.invokeSpecial(java.lang.Object, java.lang.Object, java.lang.Object, java.lang.Object, int)'> (0x00000000a80d3d30) 
thrown [s\open\src\hotspot\share\interpreter\linkResolver.cpp, line 773]
Event: 1.464 Thread 0x000002197a7021e0 Exception <a 'java/lang/NoSuchMethodError'{0x00000000a80d7688}: 'java.lang.Object java.lang.invoke.Invokers$Holder.linkToTargetMethod(java.lang.Object, java.lang.Object, int, java.lang.Object)'> (0x00000000a80d7688) 
thrown [s\open\src\hotspot\share\interpreter\linkResolver.cpp, line 773]
Event: 1.472 Thread 0x000002197a7021e0 Exception <a 'java/lang/NoSuchMethodError'{0x00000000a80ef3c8}: 'void java.lang.invoke.DirectMethodHandle$Holder.invokeSpecial(java.lang.Object, java.lang.Object, java.lang.Object)'> (0x00000000a80ef3c8) 
thrown [s\open\src\hotspot\share\interpreter\linkResolver.cpp, line 773]
Event: 1.483 Thread 0x000002197a7021e0 Exception <a 'java/lang/NoSuchMethodError'{0x00000000a7f1b6a0}: 'void java.lang.invoke.DirectMethodHandle$Holder.invokeSpecial(java.lang.Object, java.lang.Object, java.lang.Object, java.lang.Object, java.lang.Object)'> (0x00000000a7f1b6a0) 
thrown [s\open\src\hotspot\share\interpreter\linkResolver.cpp, line 773]
Event: 3.051 Thread 0x000002197a702f00 Exception <a 'java/lang/NoSuchMethodError'{0x00000000a7ffb290}: 'void java.lang.invoke.DirectMethodHandle$Holder.invokeSpecial(java.lang.Object, java.lang.Object, java.lang.Object, java.lang.Object, java.lang.Object, java.lang.Object, java.lang.Object)'> (0x00000000a7ffb290) 
thrown [s\open\src\hotspot\share\interpreter\linkResolver.cpp, line 773]
Event: 3.068 Thread 0x0000021916537140 Exception <a 'java/lang/NoSuchMethodError'{0x00000000a7e5a688}: 'java.lang.Object java.lang.invoke.DirectMethodHandle$Holder.invokeSpecialIFC(java.lang.Object, java.lang.Object, java.lang.Object)'> (0x00000000a7e5a688) 
thrown [s\open\src\hotspot\share\interpreter\linkResolver.cpp, line 773]
Event: 4.152 Thread 0x000002197a0d1570 Implicit null exception at 0x00000219287423a4 to 0x0000021928742dd4

ZGC Phase Switch (0 events):
No events

VM Operations (20 events):
Event: 0.798 Executing VM operation: HandshakeAllThreads (Deoptimize) done
Event: 1.232 Executing VM operation: ICBufferFull
Event: 1.232 Executing VM operation: ICBufferFull done
Event: 1.283 Executing VM operation: HandshakeAllThreads (Deoptimize)
Event: 1.283 Executing VM operation: HandshakeAllThreads (Deoptimize) done
Event: 1.361 Executing VM operation: HandshakeAllThreads (Deoptimize)
Event: 1.361 Executing VM operation: HandshakeAllThreads (Deoptimize) done
Event: 1.398 Executing VM operation: G1CollectForAllocation (G1 Evacuation Pause)
Event: 1.410 Executing VM operation: G1CollectForAllocation (G1 Evacuation Pause) done
Event: 2.419 Executing VM operation: Cleanup
Event: 2.419 Executing VM operation: Cleanup done
Event: 3.036 Executing VM operation: HandshakeAllThreads (Deoptimize)
Event: 3.036 Executing VM operation: HandshakeAllThreads (Deoptimize) done
Event: 3.038 Executing VM operation: HandshakeAllThreads (Deoptimize)
Event: 3.038 Executing VM operation: HandshakeAllThreads (Deoptimize) done
Event: 4.048 Executing VM operation: Cleanup
Event: 4.048 Executing VM operation: Cleanup done
Event: 4.231 Executing VM operation: HandshakeAllThreads (Deoptimize)
Event: 4.231 Executing VM operation: HandshakeAllThreads (Deoptimize) done
Event: 5.236 Executing VM operation: Cleanup

Events (20 events):
Event: 0.477 Thread 0x000002197a0b1640 Thread added: 0x000002197a0b1640
Event: 0.628 Thread 0x000002197a0b1640 Thread exited: 0x000002197a0b1640
Event: 0.707 Thread 0x000002197a0d1570 Thread added: 0x000002197a0d1570
Event: 1.241 Thread 0x000002197a726500 Thread added: 0x000002197a726500
Event: 1.281 Thread 0x000002197a72e300 Thread added: 0x000002197a72e300
Event: 1.284 Thread 0x000002197a72e960 Thread added: 0x000002197a72e960
Event: 1.285 Thread 0x000002197a749020 Thread added: 0x000002197a749020
Event: 1.290 Thread 0x000002197a749680 Thread added: 0x000002197a749680
Event: 1.358 Thread 0x00000219349baed0 Thread exited: 0x00000219349baed0
Event: 1.361 Thread 0x00000219349baed0 Thread added: 0x00000219349baed0
Event: 1.427 Thread 0x000002197a7021e0 Thread added: 0x000002197a7021e0
Event: 1.430 Thread 0x000002197a703590 Thread added: 0x000002197a703590
Event: 1.495 Thread 0x000002197a702f00 Thread added: 0x000002197a702f00
Event: 1.498 Thread 0x000002197a7007a0 Thread added: 0x000002197a7007a0
Event: 1.499 Thread 0x000002197a702870 Thread added: 0x000002197a702870
Event: 3.118 Thread 0x000002197a700e30 Thread added: 0x000002197a700e30
Event: 3.119 Thread 0x000002197a701b50 Thread added: 0x000002197a701b50
Event: 3.122 Thread 0x000002197a703c20 Thread added: 0x000002197a703c20
Event: 3.123 Thread 0x000002197a7014c0 Thread added: 0x000002197a7014c0
Event: 3.123 Thread 0x000002197a7b3e90 Thread added: 0x000002197a7b3e90


Dynamic libraries:
0x00007ff703a40000 - 0x00007ff703a50000 	C:\Program Files\Java\jdk-21\bin\java.exe
0x00007ffb4b0e0000 - 0x00007ffb4b345000 	C:\WINDOWS\SYSTEM32\ntdll.dll
0x00007ffb49bf0000 - 0x00007ffb49cb9000 	C:\WINDOWS\System32\KERNEL32.DLL
0x00007ffb489d0000 - 0x00007ffb48db8000 	C:\WINDOWS\System32\KERNELBASE.dll
0x00007ffb48700000 - 0x00007ffb4884b000 	C:\WINDOWS\System32\ucrtbase.dll
0x00007ffb3d450000 - 0x00007ffb3d46b000 	C:\Program Files\Java\jdk-21\bin\VCRUNTIME140.dll
0x00007ffb3be70000 - 0x00007ffb3be89000 	C:\Program Files\Java\jdk-21\bin\jli.dll
0x00007ffb4a6c0000 - 0x00007ffb4a773000 	C:\WINDOWS\System32\ADVAPI32.dll
0x00007ffb491e0000 - 0x00007ffb49289000 	C:\WINDOWS\System32\msvcrt.dll
0x00007ffb499a0000 - 0x00007ffb49a46000 	C:\WINDOWS\System32\sechost.dll
0x00007ffb4a470000 - 0x00007ffb4a585000 	C:\WINDOWS\System32\RPCRT4.dll
0x00007ffb4aed0000 - 0x00007ffb4b09a000 	C:\WINDOWS\System32\USER32.dll
0x00007ffb34800000 - 0x00007ffb34a9a000 	C:\WINDOWS\WinSxS\amd64_microsoft.windows.common-controls_6595b64144ccf1df_6.0.26100.4202_none_3e0698d4e335f517\COMCTL32.dll
0x00007ffb49970000 - 0x00007ffb4999b000 	C:\WINDOWS\System32\GDI32.dll
0x00007ffb48230000 - 0x00007ffb48257000 	C:\WINDOWS\System32\win32u.dll
0x00007ffb48260000 - 0x00007ffb48397000 	C:\WINDOWS\System32\gdi32full.dll
0x00007ffb48650000 - 0x00007ffb486f3000 	C:\WINDOWS\System32\msvcp_win.dll
0x00007ffb3fc50000 - 0x00007ffb3fc5b000 	C:\WINDOWS\SYSTEM32\VERSION.dll
0x00007ffb496b0000 - 0x00007ffb496e0000 	C:\WINDOWS\System32\IMM32.DLL
0x00007ffb3d440000 - 0x00007ffb3d44c000 	C:\Program Files\Java\jdk-21\bin\vcruntime140_1.dll
0x00007ffb1b630000 - 0x00007ffb1b6be000 	C:\Program Files\Java\jdk-21\bin\msvcp140.dll
0x00007ffadd500000 - 0x00007ffade21a000 	C:\Program Files\Java\jdk-21\bin\server\jvm.dll
0x00007ffb4a7d0000 - 0x00007ffb4a844000 	C:\WINDOWS\System32\WS2_32.dll
0x00007ffb48080000 - 0x00007ffb480de000 	C:\WINDOWS\SYSTEM32\POWRPROF.dll
0x00007ffb45990000 - 0x00007ffb459c5000 	C:\WINDOWS\SYSTEM32\WINMM.dll
0x00007ffb48060000 - 0x00007ffb48074000 	C:\WINDOWS\SYSTEM32\UMPDC.dll
0x00007ffb46f50000 - 0x00007ffb46f6b000 	C:\WINDOWS\SYSTEM32\kernel.appcore.dll
0x00007ffb3c300000 - 0x00007ffb3c30a000 	C:\Program Files\Java\jdk-21\bin\jimage.dll
0x00007ffb45720000 - 0x00007ffb45961000 	C:\WINDOWS\SYSTEM32\DBGHELP.DLL
0x00007ffb49320000 - 0x00007ffb496a5000 	C:\WINDOWS\System32\combase.dll
0x00007ffb4ade0000 - 0x00007ffb4aec1000 	C:\WINDOWS\System32\OLEAUT32.dll
0x00007ffb456e0000 - 0x00007ffb45719000 	C:\WINDOWS\SYSTEM32\dbgcore.DLL
0x00007ffb48430000 - 0x00007ffb484c9000 	C:\WINDOWS\System32\bcryptPrimitives.dll
0x00007ffb3be60000 - 0x00007ffb3be6f000 	C:\Program Files\Java\jdk-21\bin\instrument.dll
0x00007ffb38d80000 - 0x00007ffb38d9f000 	C:\Program Files\Java\jdk-21\bin\java.dll
0x00007ffb49d20000 - 0x00007ffb4a462000 	C:\WINDOWS\System32\SHELL32.dll
0x00007ffb484d0000 - 0x00007ffb48644000 	C:\WINDOWS\System32\wintypes.dll
0x00007ffb45e80000 - 0x00007ffb466d8000 	C:\WINDOWS\SYSTEM32\windows.storage.dll
0x00007ffb4a850000 - 0x00007ffb4a941000 	C:\WINDOWS\System32\SHCORE.dll
0x00007ffb49720000 - 0x00007ffb4978a000 	C:\WINDOWS\System32\shlwapi.dll
0x00007ffb48140000 - 0x00007ffb4816f000 	C:\WINDOWS\SYSTEM32\profapi.dll
0x00007ffb16f30000 - 0x00007ffb17007000 	C:\Program Files\Java\jdk-21\bin\jsvml.dll
0x00007ffb34c00000 - 0x00007ffb34c18000 	C:\Program Files\Java\jdk-21\bin\zip.dll
0x00007ffb3be50000 - 0x00007ffb3be60000 	C:\Program Files\Java\jdk-21\bin\net.dll
0x00007ffb3d770000 - 0x00007ffb3d88e000 	C:\WINDOWS\SYSTEM32\WINHTTP.dll
0x00007ffb47560000 - 0x00007ffb475ca000 	C:\WINDOWS\system32\mswsock.dll
0x00007ffb38850000 - 0x00007ffb38866000 	C:\Program Files\Java\jdk-21\bin\nio.dll
0x00007ffb3a720000 - 0x00007ffb3a729000 	C:\Program Files\Java\jdk-21\bin\extnet.dll
0x00007ffb46ad0000 - 0x00007ffb46bf7000 	C:\WINDOWS\SYSTEM32\DNSAPI.dll
0x00007ffb46a30000 - 0x00007ffb46a63000 	C:\WINDOWS\SYSTEM32\IPHLPAPI.DLL
0x00007ffb48e80000 - 0x00007ffb48e8a000 	C:\WINDOWS\System32\NSI.dll
0x00007ffb3a4c0000 - 0x00007ffb3a4cb000 	C:\Windows\System32\rasadhlp.dll
0x00007ffb3a4d0000 - 0x00007ffb3a556000 	C:\WINDOWS\System32\fwpuclnt.dll
0x00007ffb38df0000 - 0x00007ffb38dfa000 	C:\Program Files\Java\jdk-21\bin\management.dll
0x00007ffb37970000 - 0x00007ffb3797b000 	C:\Program Files\Java\jdk-21\bin\management_ext.dll
0x00007ffb48e90000 - 0x00007ffb48e98000 	C:\WINDOWS\System32\PSAPI.DLL
0x00007ffb47810000 - 0x00007ffb4782b000 	C:\WINDOWS\SYSTEM32\CRYPTSP.dll
0x00007ffb46f70000 - 0x00007ffb46faa000 	C:\WINDOWS\system32\rsaenh.dll
0x00007ffb47600000 - 0x00007ffb4762b000 	C:\WINDOWS\SYSTEM32\USERENV.dll
0x00007ffb48110000 - 0x00007ffb48136000 	C:\WINDOWS\SYSTEM32\bcrypt.dll
0x00007ffb47830000 - 0x00007ffb4783c000 	C:\WINDOWS\SYSTEM32\CRYPTBASE.dll
0x00007ffb34bf0000 - 0x00007ffb34bfe000 	C:\Program Files\Java\jdk-21\bin\sunmscapi.dll
0x00007ffb48850000 - 0x00007ffb489c7000 	C:\WINDOWS\System32\CRYPT32.dll
0x00007ffb47a30000 - 0x00007ffb47a60000 	C:\WINDOWS\SYSTEM32\ncrypt.dll
0x00007ffb479e0000 - 0x00007ffb47a1f000 	C:\WINDOWS\SYSTEM32\NTASN1.dll
0x00007ffb37e50000 - 0x00007ffb37e58000 	C:\WINDOWS\system32\wshunix.dll

dbghelp: loaded successfully - version: 4.0.5 - missing functions: none
symbol engine: initialized successfully - sym options: 0x614 - pdb path: .;C:\Program Files\Java\jdk-21\bin;C:\WINDOWS\SYSTEM32;C:\WINDOWS\WinSxS\amd64_microsoft.windows.common-controls_6595b64144ccf1df_6.0.26100.4202_none_3e0698d4e335f517;C:\Program Files\Java\jdk-21\bin\server

VM Arguments:
jvm_args: -javaagent:C:\Program Files\JetBrains\IntelliJ IDEA Community Edition 2025.1.3\lib\idea_rt.jar=54989 -Dfile.encoding=UTF-8 -Dsun.stdout.encoding=UTF-8 -Dsun.stderr.encoding=UTF-8 
java_command: TutorialNinja.Ts001WelcomeEmail
java_class_path (initial): C:\Users\Abhis\OneDrive\Documents\Abhishek\SeleniumProject\demo\target\test-classes;C:\Users\Abhis\OneDrive\Documents\Abhishek\SeleniumProject\demo\target\classes;C:\Users\Abhis\.m2\repository\org\seleniumhq\selenium\selenium-java\4.34.0\selenium-java-4.34.0.jar;C:\Users\Abhis\.m2\repository\org\seleniumhq\selenium\selenium-api\4.34.0\selenium-api-4.34.0.jar;C:\Users\Abhis\.m2\repository\org\jspecify\jspecify\1.0.0\jspecify-1.0.0.jar;C:\Users\Abhis\.m2\repository\org\seleniumhq\selenium\selenium-chrome-driver\4.34.0\selenium-chrome-driver-4.34.0.jar;C:\Users\Abhis\.m2\repository\com\google\auto\service\auto-service-annotations\1.1.1\auto-service-annotations-1.1.1.jar;C:\Users\Abhis\.m2\repository\org\seleniumhq\selenium\selenium-chromium-driver\4.34.0\selenium-chromium-driver-4.34.0.jar;C:\Users\Abhis\.m2\repository\org\seleniumhq\selenium\selenium-json\4.34.0\selenium-json-4.34.0.jar;C:\Users\Abhis\.m2\repository\org\seleniumhq\selenium\selenium-manager\4.34.0\selenium-manager-4.34.0.jar;C:\Users\Abhis\.m2\repository\org\seleniumhq\selenium\selenium-devtools-v136\4.34.0\selenium-devtools-v136-4.34.0.jar;C:\Users\Abhis\.m2\repository\org\seleniumhq\selenium\selenium-devtools-v137\4.34.0\selenium-devtools-v137-4.34.0.jar;C:\Users\Abhis\.m2\repository\org\seleniumhq\selenium\selenium-devtools-v138\4.34.0\selenium-devtools-v138-4.34.0.jar;C:\Users\Abhis\.m2\repository\org\seleniumhq\selenium\selenium-edge-driver\4.34.0\selenium-edge-driver-4.34.0.jar;C:\Users\Abhis\.m2\repository\org\seleniumhq\selenium\selenium-firefox-driver\4.34.0\selenium-firefox-driver-4.34.0.jar;C:\Users\Abhis\.m2\repository\org\seleniumhq\selenium\selenium-http\4.34.0\selenium-http-4.34.0.jar;C:\Users\Abhis\.m2\repository\org\seleniumhq\selenium\selenium-ie-driver\4.34.0\selenium-ie-driver-4.34.0.jar;C:\Users\Abhis\.m2\repository\org\seleniumhq\selenium\selenium-remote-driver\4.34.0\selenium-remote-driver-4.34.0.jar;C:\Users\Abhis\.m2\repository\com\google\guava\guava\33.4.8-jre\guava-33.4.8-jre.jar;C:\Users\Abhis\.m2\repository\com\google\guava\failureaccess\1.0.3\failureaccess-1.0.3.jar;C:\Users\Abhis\.m2\repository\com\google\guava\listenablefuture\9999.0-empty-to-avoid-conflict-with-guava\listenablefuture-9999.0-empty-to-avoid-conflict-with-guava.jar;C:\Users\Abhis\.m2\repository\com\google\errorprone\error_prone_annotations\2.36.0\error_prone_annotations-2.36.0.jar;C:\Users\Abhis\.m2\repository\com\google\j2objc\j2objc-annotations\3.0.0\j2objc-annotations-3.0.0.jar;C:\Users\Abhis\.m2\repository\io\opentelemetry\opentelemetry-api\1.51.0\opentelemetry-api-1.51.0.jar;C:\Users\Abhis\.m2\repository\io\opentelemetry\opentelemetry-context\1.51.0\opentelemetry-context-1.51.0.jar;C:\Users\Abhis\.m2\repository\io\opentelemetry\opentelemetry-exporter-logging\1.51.0\opentelemetry-exporter-logging-1.51.0.jar;C:\Users\Abhis\.m2\repository\io\opentelemetry\opentelemetry-sdk-common\1.51.0\opentelemetry-sdk-common-1.51.0.jar;C:\Users\Abhis\.m2\repository\io\opentelemetry\opentelemetry-sdk-extension-autoconfigure-spi\1.51.0\opentelemetry-sdk-extension-autoconfigure-spi-1.51.0.jar;C:\Users\Abhis\.m2\repository\io\opentelemetry\opentelemetry-sdk-extension-autoconfigure\1.51.0\opentelemetry-sdk-extension-autoconfigure-1.51.0.jar;C:\Users\Abhis\.m2\repository\io\opentelemetry\opentelemetry-sdk-trace\1.51.0\opentelemetry-sdk-trace-1.51.0.jar;C:\Users\Abhis\.m2\repository\io\opentelemetry\opentelemetry-sdk\1.51.0\opentelemetry-sdk-1.51.0.jar;C:\Users\Abhis\.m2\repository\io\opentelemetry\opentelemetry-sdk-metrics\1.51.0\opentelemetry-sdk-metrics-1.51.0.jar;C:\Users\Abhis\.m2\repository\io\opentelemetry\opentelemetry-sdk-logs\1.51.0\opentelemetry-sdk-logs-1.51.0.jar;C:\Users\Abhis\.m2\repository\net\bytebuddy\byte-buddy\1.17.6\byte-buddy-1.17.6.jar;C:\Users\Abhis\.m2\repository\org\seleniumhq\selenium\selenium-os\4.34.0\selenium-os-4.34.0.jar;C:\Users\Abhis\.m2\repository\org\apache\commons\commons-exec\1.5.0\commons-exec-1.5.0.jar;C:\Users\Abhis\.m2\repository\org\seleniumhq\selenium\selenium-safari-driver\4.34.0\selenium-safari-driver-4.34.0.jar;C:\Users\Abhis\.m2\repository\org\seleniumhq\selenium\selenium-support\4.34.0\selenium-support-4.34.0.jar;C:\Users\Abhis\.m2\repository\commons-io\commons-io\2.15.1\commons-io-2.15.1.jar
Launcher Type: SUN_STANDARD

[Global flags]
     intx CICompilerCount                          = 4                                         {product} {ergonomic}
     uint ConcGCThreads                            = 2                                         {product} {ergonomic}
     uint G1ConcRefinementThreads                  = 8                                         {product} {ergonomic}
   size_t G1HeapRegionSize                         = 1048576                                   {product} {ergonomic}
    uintx GCDrainStackTargetSize                   = 64                                        {product} {ergonomic}
   size_t InitialHeapSize                          = 98566144                                  {product} {ergonomic}
   size_t MarkStackSize                            = 4194304                                   {product} {ergonomic}
   size_t MaxHeapSize                              = 1572864000                                {product} {ergonomic}
   size_t MaxNewSize                               = 943718400                                 {product} {ergonomic}
   size_t MinHeapDeltaBytes                        = 1048576                                   {product} {ergonomic}
   size_t MinHeapSize                              = 8388608                                   {product} {ergonomic}
    uintx NonNMethodCodeHeapSize                   = 5839372                                {pd product} {ergonomic}
    uintx NonProfiledCodeHeapSize                  = 122909434                              {pd product} {ergonomic}
    uintx ProfiledCodeHeapSize                     = 122909434                              {pd product} {ergonomic}
    uintx ReservedCodeCacheSize                    = 251658240                              {pd product} {ergonomic}
     bool SegmentedCodeCache                       = true                                      {product} {ergonomic}
   size_t SoftMaxHeapSize                          = 1572864000                             {manageable} {ergonomic}
     bool UseCompressedOops                        = true                           {product lp64_product} {ergonomic}
     bool UseG1GC                                  = true                                      {product} {ergonomic}
     bool UseLargePagesIndividualAllocation        = false                                  {pd product} {ergonomic}

Logging:
Log output configuration:
 #0: stdout all=warning uptime,level,tags foldmultilines=false
 #1: stderr all=off uptime,level,tags foldmultilines=false

Environment Variables:
PATH=C:\Program Files\Java\jdk-21\bin;C:\Program Files\Common Files\Oracle\Java\javapath;C:\WINDOWS\system32;C:\WINDOWS;C:\WINDOWS\System32\Wbem;C:\WINDOWS\System32\WindowsPowerShell\v1.0\;C:\WINDOWS\System32\OpenSSH\;C:\msys64\ucrt64\bin;C:\Program Files\Java\jdk-21\bin;C:\Users\Abhis\AppData\Local\Programs\Python\Python313\Scripts\;C:\Users\Abhis\AppData\Local\Programs\Python\Python313\;C:\Users\Abhis\AppData\Local\Programs\Python\Launcher\;search-ms:displayname=Search%20Results%20in%20Local&crumb=location:C%3A%5CUsers%5CAbhis%5CAppData%5CLocal\Scripts;C:\Users\Abhis\AppData\Local\Microsoft\WindowsApps;C:\Users\Abhis\AppData\Local\Programs\Microsoft VS Code\bin;
USERNAME=Abhis
OS=Windows_NT
PROCESSOR_IDENTIFIER=AMD64 Family 25 Model 80 Stepping 0, AuthenticAMD
TMP=C:\Users\Abhis\AppData\Local\Temp
TEMP=C:\Users\Abhis\AppData\Local\Temp




Periodic native trim disabled

---------------  S Y S T E M  ---------------

OS:
 Windows 11 , 64 bit Build 26100 (10.0.26100.4202)
OS uptime: 9 days 5:10 hours
Hyper-V role detected

CPU: total 8 (initial active 8) (8 cores per cpu, 2 threads per core) family 25 model 80 stepping 0 microcode 0xa50000d, cx8, cmov, fxsr, ht, mmx, 3dnowpref, sse, sse2, sse3, ssse3, sse4a, sse4.1, sse4.2, popcnt, lzcnt, tsc, tscinvbit, avx, avx2, aes, erms, clmul, bmi1, bmi2, adx, sha, fma, vzeroupper, clflush, clflushopt, hv, rdtscp, rdpid, fsrm, f16c, cet_ss
Processor Information for processor 0
  Max Mhz: 2301, Current Mhz: 2010, Mhz Limit: 2301
Processor Information for processor 1
  Max Mhz: 2301, Current Mhz: 2301, Mhz Limit: 2301
Processor Information for processor 2
  Max Mhz: 2301, Current Mhz: 2301, Mhz Limit: 2301
Processor Information for processor 3
  Max Mhz: 2301, Current Mhz: 2301, Mhz Limit: 2301
Processor Information for processor 4
  Max Mhz: 2301, Current Mhz: 2301, Mhz Limit: 2301
Processor Information for processor 5
  Max Mhz: 2301, Current Mhz: 2010, Mhz Limit: 2301
Processor Information for processor 6
  Max Mhz: 2301, Current Mhz: 2301, Mhz Limit: 2301
Processor Information for processor 7
  Max Mhz: 2301, Current Mhz: 2301, Mhz Limit: 2301

Memory: 4k page, system-wide physical 5996M (781M free)
TotalPageFile size 24428M (AvailPageFile size 5M)
current process WorkingSet (physical memory assigned to process): 102M, peak: 102M
current process commit charge ("private bytes"): 205M, peak: 206M

vm_info: Java HotSpot(TM) 64-Bit Server VM (21.0.7+8-LTS-245) for windows-amd64 JRE (21.0.7+8-LTS-245), built on 2025-02-21T05:11:27Z by "mach5one" with MS VC++ 17.6 (VS2022)

END.
