#
# There is insufficient memory for the Java Runtime Environment to continue.
# Native memory allocation (mmap) failed to map 98566144 bytes for G1 virtual space
# Possible reasons:
#   The system is out of physical RAM or swap space
#   The process is running with CompressedOops enabled, and the Java Heap may be blocking the growth of the native heap
# Possible solutions:
#   Reduce memory load on the system
#   Increase physical memory or swap space
#   Check if swap backing store is full
#   Decrease Java heap size (-Xmx/-Xms)
#   Decrease number of Java threads
#   Decrease Java thread stack sizes (-Xss)
#   Set larger code cache with -XX:ReservedCodeCacheSize=
#   JVM is running with Unscaled Compressed Oops mode in which the Java heap is
#     placed in the first 4GB address space. The Java Heap base address is the
#     maximum limit for the native heap growth. Please use -XX:HeapBaseMinAddress
#     to set the Java Heap base and to place the Java Heap above 4GB virtual address.
# This output file may be truncated or incomplete.
#
#  Out of Memory Error (os_windows.cpp:3603), pid=12776, tid=38020
#
# JRE version:  (21.0.7+8) (build )
# Java VM: Java HotSpot(TM) 64-Bit Server VM (21.0.7+8-LTS-245, mixed mode, sharing, tiered, compressed oops, compressed class ptrs, g1 gc, windows-amd64)
# No core dump will be written. Minidumps are not enabled by default on client versions of Windows
#

---------------  S U M M A R Y ------------

Command Line: -agentlib:jdwp=transport=dt_socket,address=127.0.0.1:50936,suspend=y,server=n -javaagent:C:\Users\Abhis\AppData\Local\JetBrains\IdeaIC2025.1\captureAgent\debugger-agent.jar=file:///C:/Users/Abhis/AppData/Local/Temp/capture1534269875335372375.props -Dkotlinx.coroutines.debug.enable.creation.stack.trace=false -Ddebugger.agent.enable.coroutines=true -Dkotlinx.coroutines.debug.enable.flows.stack.trace=true -Dkotlinx.coroutines.debug.enable.mutable.state.flows.stack.trace=true -Dfile.encoding=UTF-8 -Dsun.stdout.encoding=UTF-8 -Dsun.stderr.encoding=UTF-8 TutorialNinja.Ts001WelcomeEmail

Host: AMD Ryzen 3 7330U with Radeon Graphics         , 8 cores, 5G,  Windows 11 , 64 bit Build 26100 (10.0.26100.4202)
Time: Wed Jul 23 12:49:46 2025 India Standard Time elapsed time: 2.045273 seconds (0d 0h 0m 2s)

---------------  T H R E A D  ---------------

Current thread (0x000002da98847f30):  JavaThread "Unknown thread" [_thread_in_vm, id=38020, stack(0x000000f070f00000,0x000000f071000000) (1024K)]

Stack: [0x000000f070f00000,0x000000f071000000]
Native frames: (J=compiled Java code, j=interpreted, Vv=VM code, C=native code)
V  [jvm.dll+0x6cae19]
V  [jvm.dll+0x855741]
V  [jvm.dll+0x857c6e]
V  [jvm.dll+0x858343]
V  [jvm.dll+0x27e0b6]
V  [jvm.dll+0x6c7595]
V  [jvm.dll+0x6bc0fa]
V  [jvm.dll+0x353eaa]
V  [jvm.dll+0x35bb26]
V  [jvm.dll+0x3ae52e]
V  [jvm.dll+0x3ae7d8]
V  [jvm.dll+0x3281bc]
V  [jvm.dll+0x328d1b]
V  [jvm.dll+0x81eaf9]
V  [jvm.dll+0x3bb211]
V  [jvm.dll+0x807d78]
V  [jvm.dll+0x4503ee]
V  [jvm.dll+0x451fe1]
C  [jli.dll+0x52a3]
C  [ucrtbase.dll+0x37b0]
C  [KERNEL32.DLL+0x2e8d7]
C  [ntdll.dll+0x3c34c]


---------------  P R O C E S S  ---------------

Threads class SMR info:
_java_thread_list=0x00007ffade0ccc48, length=0, elements={
}

Java Threads: ( => current thread )
Total: 0

Other Threads:
  0x000002da9aa74090 WorkerThread "GC Thread#0"                     [id=47644, stack(0x000000f071000000,0x000000f071100000) (1024K)]
  0x000002da9aa80bf0 ConcurrentGCThread "G1 Main Marker"            [id=37228, stack(0x000000f071100000,0x000000f071200000) (1024K)]
  0x000002da9aa82570 WorkerThread "G1 Conc#0"                       [id=35160, stack(0x000000f071200000,0x000000f071300000) (1024K)]

[error occurred during error reporting (printing all threads), id 0xc0000005, EXCEPTION_ACCESS_VIOLATION (0xc0000005) at pc=0x00007ffadd83a947]
VM state: not at safepoint (not fully initialized)

VM Mutex/Monitor currently owned by a thread:  ([mutex/lock_event])
[0x00007ffade13df50] Heap_lock - owner thread: 0x000002da98847f30

Heap address: 0x00000000a2400000, size: 1500 MB, Compressed Oops mode: 32-bit

CDS archive(s) mapped at: [0x0000000000000000-0x0000000000000000-0x0000000000000000), size 0, SharedBaseAddress: 0x0000000800000000, ArchiveRelocationMode: 1.
Narrow klass base: 0x0000000000000000, Narrow klass shift: 0, Narrow klass range: 0x0

GC Precious Log:
 CardTable entry size: 512
 Card Set container configuration: InlinePtr #cards 5 size 8 Array Of Cards #cards 12 size 40 Howl #buckets 4 coarsen threshold 1843 Howl Bitmap #cards 512 size 80 coarsen threshold 460 Card regions per heap region 1 cards per card region 2048

Heap:
 garbage-first heap   total 0K, used 0K [0x00000000a2400000, 0x0000000100000000)
  region size 1024K, 0 young (0K), 0 survivors (0K)

[error occurred during error reporting (printing heap information), id 0xc0000005, EXCEPTION_ACCESS_VIOLATION (0xc0000005) at pc=0x00007ffaddc23e79]
GC Heap History (0 events):
No events

Dll operation events (2 events):
Event: 0.018 Loaded shared library C:\Program Files\Java\jdk-21\bin\java.dll
Event: 0.020 Loaded shared library C:\Program Files\Java\jdk-21\bin\zip.dll

Deoptimization events (0 events):
No events

Classes loaded (0 events):
No events

Classes unloaded (0 events):
No events

Classes redefined (0 events):
No events

Internal exceptions (0 events):
No events

ZGC Phase Switch (0 events):
No events

VM Operations (0 events):
No events

Events (0 events):
No events


Dynamic libraries:
0x00007ff69e010000 - 0x00007ff69e020000 	C:\Program Files\Java\jdk-21\bin\java.exe
0x00007ffb4b0e0000 - 0x00007ffb4b345000 	C:\WINDOWS\SYSTEM32\ntdll.dll
0x00007ffb49bf0000 - 0x00007ffb49cb9000 	C:\WINDOWS\System32\KERNEL32.DLL
0x00007ffb489d0000 - 0x00007ffb48db8000 	C:\WINDOWS\System32\KERNELBASE.dll
0x00007ffb48700000 - 0x00007ffb4884b000 	C:\WINDOWS\System32\ucrtbase.dll
0x00007ffb3d680000 - 0x00007ffb3d699000 	C:\Program Files\Java\jdk-21\bin\jli.dll
0x00007ffb3d640000 - 0x00007ffb3d65b000 	C:\Program Files\Java\jdk-21\bin\VCRUNTIME140.dll
0x00007ffb4a6c0000 - 0x00007ffb4a773000 	C:\WINDOWS\System32\ADVAPI32.dll
0x00007ffb491e0000 - 0x00007ffb49289000 	C:\WINDOWS\System32\msvcrt.dll
0x00007ffb499a0000 - 0x00007ffb49a46000 	C:\WINDOWS\System32\sechost.dll
0x00007ffb4a470000 - 0x00007ffb4a585000 	C:\WINDOWS\System32\RPCRT4.dll
0x00007ffb4aed0000 - 0x00007ffb4b09a000 	C:\WINDOWS\System32\USER32.dll
0x00007ffb48230000 - 0x00007ffb48257000 	C:\WINDOWS\System32\win32u.dll
0x00007ffb34800000 - 0x00007ffb34a9a000 	C:\WINDOWS\WinSxS\amd64_microsoft.windows.common-controls_6595b64144ccf1df_6.0.26100.4202_none_3e0698d4e335f517\COMCTL32.dll
0x00007ffb49970000 - 0x00007ffb4999b000 	C:\WINDOWS\System32\GDI32.dll
0x00007ffb48260000 - 0x00007ffb48397000 	C:\WINDOWS\System32\gdi32full.dll
0x00007ffb48650000 - 0x00007ffb486f3000 	C:\WINDOWS\System32\msvcp_win.dll
0x00007ffb3fc50000 - 0x00007ffb3fc5b000 	C:\WINDOWS\SYSTEM32\VERSION.dll
0x00007ffb496b0000 - 0x00007ffb496e0000 	C:\WINDOWS\System32\IMM32.DLL
0x00007ffb42750000 - 0x00007ffb4275c000 	C:\Program Files\Java\jdk-21\bin\vcruntime140_1.dll
0x00007ffb3a720000 - 0x00007ffb3a7ae000 	C:\Program Files\Java\jdk-21\bin\msvcp140.dll
0x00007ffadd500000 - 0x00007ffade21a000 	C:\Program Files\Java\jdk-21\bin\server\jvm.dll
0x00007ffb4a7d0000 - 0x00007ffb4a844000 	C:\WINDOWS\System32\WS2_32.dll
0x00007ffb48080000 - 0x00007ffb480de000 	C:\WINDOWS\SYSTEM32\POWRPROF.dll
0x00007ffb45990000 - 0x00007ffb459c5000 	C:\WINDOWS\SYSTEM32\WINMM.dll
0x00007ffb48060000 - 0x00007ffb48074000 	C:\WINDOWS\SYSTEM32\UMPDC.dll
0x00007ffb46f50000 - 0x00007ffb46f6b000 	C:\WINDOWS\SYSTEM32\kernel.appcore.dll
0x00007ffb3d730000 - 0x00007ffb3d73a000 	C:\Program Files\Java\jdk-21\bin\jimage.dll
0x00007ffb45720000 - 0x00007ffb45961000 	C:\WINDOWS\SYSTEM32\DBGHELP.DLL
0x00007ffb49320000 - 0x00007ffb496a5000 	C:\WINDOWS\System32\combase.dll
0x00007ffb4ade0000 - 0x00007ffb4aec1000 	C:\WINDOWS\System32\OLEAUT32.dll
0x00007ffb456e0000 - 0x00007ffb45719000 	C:\WINDOWS\SYSTEM32\dbgcore.DLL
0x00007ffb48430000 - 0x00007ffb484c9000 	C:\WINDOWS\System32\bcryptPrimitives.dll
0x00007ffb24e50000 - 0x00007ffb24e8c000 	C:\Program Files\Java\jdk-21\bin\jdwp.dll
0x00007ffb3c340000 - 0x00007ffb3c34f000 	C:\Program Files\Java\jdk-21\bin\instrument.dll
0x00007ffb3be70000 - 0x00007ffb3be8f000 	C:\Program Files\Java\jdk-21\bin\java.dll
0x00007ffb3a230000 - 0x00007ffb3a248000 	C:\Program Files\Java\jdk-21\bin\zip.dll

dbghelp: loaded successfully - version: 4.0.5 - missing functions: none
symbol engine: initialized successfully - sym options: 0x614 - pdb path: .;C:\Program Files\Java\jdk-21\bin;C:\WINDOWS\SYSTEM32;C:\WINDOWS\WinSxS\amd64_microsoft.windows.common-controls_6595b64144ccf1df_6.0.26100.4202_none_3e0698d4e335f517;C:\Program Files\Java\jdk-21\bin\server

VM Arguments:
jvm_args: -agentlib:jdwp=transport=dt_socket,address=127.0.0.1:50936,suspend=y,server=n -javaagent:C:\Users\Abhis\AppData\Local\JetBrains\IdeaIC2025.1\captureAgent\debugger-agent.jar=file:///C:/Users/Abhis/AppData/Local/Temp/capture1534269875335372375.props -Dkotlinx.coroutines.debug.enable.creation.stack.trace=false -Ddebugger.agent.enable.coroutines=true -Dkotlinx.coroutines.debug.enable.flows.stack.trace=true -Dkotlinx.coroutines.debug.enable.mutable.state.flows.stack.trace=true -Dfile.encoding=UTF-8 -Dsun.stdout.encoding=UTF-8 -Dsun.stderr.encoding=UTF-8 
java_command: TutorialNinja.Ts001WelcomeEmail
java_class_path (initial): C:\Users\Abhis\OneDrive\Documents\Abhishek\SeleniumProject\demo\target\test-classes;C:\Users\Abhis\OneDrive\Documents\Abhishek\SeleniumProject\demo\target\classes;C:\Users\Abhis\.m2\repository\org\seleniumhq\selenium\selenium-java\4.34.0\selenium-java-4.34.0.jar;C:\Users\Abhis\.m2\repository\org\seleniumhq\selenium\selenium-api\4.34.0\selenium-api-4.34.0.jar;C:\Users\Abhis\.m2\repository\org\jspecify\jspecify\1.0.0\jspecify-1.0.0.jar;C:\Users\Abhis\.m2\repository\org\seleniumhq\selenium\selenium-chrome-driver\4.34.0\selenium-chrome-driver-4.34.0.jar;C:\Users\Abhis\.m2\repository\com\google\auto\service\auto-service-annotations\1.1.1\auto-service-annotations-1.1.1.jar;C:\Users\Abhis\.m2\repository\org\seleniumhq\selenium\selenium-chromium-driver\4.34.0\selenium-chromium-driver-4.34.0.jar;C:\Users\Abhis\.m2\repository\org\seleniumhq\selenium\selenium-json\4.34.0\selenium-json-4.34.0.jar;C:\Users\Abhis\.m2\repository\org\seleniumhq\selenium\selenium-manager\4.34.0\selenium-manager-4.34.0.jar;C:\Users\Abhis\.m2\repository\org\seleniumhq\selenium\selenium-devtools-v136\4.34.0\selenium-devtools-v136-4.34.0.jar;C:\Users\Abhis\.m2\repository\org\seleniumhq\selenium\selenium-devtools-v137\4.34.0\selenium-devtools-v137-4.34.0.jar;C:\Users\Abhis\.m2\repository\org\seleniumhq\selenium\selenium-devtools-v138\4.34.0\selenium-devtools-v138-4.34.0.jar;C:\Users\Abhis\.m2\repository\org\seleniumhq\selenium\selenium-edge-driver\4.34.0\selenium-edge-driver-4.34.0.jar;C:\Users\Abhis\.m2\repository\org\seleniumhq\selenium\selenium-firefox-driver\4.34.0\selenium-firefox-driver-4.34.0.jar;C:\Users\Abhis\.m2\repository\org\seleniumhq\selenium\selenium-http\4.34.0\selenium-http-4.34.0.jar;C:\Users\Abhis\.m2\repository\org\seleniumhq\selenium\selenium-ie-driver\4.34.0\selenium-ie-driver-4.34.0.jar;C:\Users\Abhis\.m2\repository\org\seleniumhq\selenium\selenium-remote-driver\4.34.0\selenium-remote-driver-4.34.0.jar;C:\Users\Abhis\.m2\repository\com\google\guava\guava\33.4.8-jre\guava-33.4.8-jre.jar;C:\Users\Abhis\.m2\repository\com\google\guava\failureaccess\1.0.3\failureaccess-1.0.3.jar;C:\Users\Abhis\.m2\repository\com\google\guava\listenablefuture\9999.0-empty-to-avoid-conflict-with-guava\listenablefuture-9999.0-empty-to-avoid-conflict-with-guava.jar;C:\Users\Abhis\.m2\repository\com\google\errorprone\error_prone_annotations\2.36.0\error_prone_annotations-2.36.0.jar;C:\Users\Abhis\.m2\repository\com\google\j2objc\j2objc-annotations\3.0.0\j2objc-annotations-3.0.0.jar;C:\Users\Abhis\.m2\repository\io\opentelemetry\opentelemetry-api\1.51.0\opentelemetry-api-1.51.0.jar;C:\Users\Abhis\.m2\repository\io\opentelemetry\opentelemetry-context\1.51.0\opentelemetry-context-1.51.0.jar;C:\Users\Abhis\.m2\repository\io\opentelemetry\opentelemetry-exporter-logging\1.51.0\opentelemetry-exporter-logging-1.51.0.jar;C:\Users\Abhis\.m2\repository\io\opentelemetry\opentelemetry-sdk-common\1.51.0\opentelemetry-sdk-common-1.51.0.jar;C:\Users\Abhis\.m2\repository\io\opentelemetry\opentelemetry-sdk-extension-autoconfigure-spi\1.51.0\opentelemetry-sdk-extension-autoconfigure-spi-1.51.0.jar;C:\Users\Abhis\.m2\repository\io\opentelemetry\opentelemetry-sdk-extension-autoconfigure\1.51.0\opentelemetry-sdk-extension-autoconfigure-1.51.0.jar;C:\Users\Abhis\.m2\repository\io\opentelemetry\opentelemetry-sdk-trace\1.51.0\opentelemetry-sdk-trace-1.51.0.jar;C:\Users\Abhis\.m2\repository\io\opentelemetry\opentelemetry-sdk\1.51.0\opentelemetry-sdk-1.51.0.jar;C:\Users\Abhis\.m2\repository\io\opentelemetry\opentelemetry-sdk-metrics\1.51.0\opentelemetry-sdk-metrics-1.51.0.jar;C:\Users\Abhis\.m2\repository\io\opentelemetry\opentelemetry-sdk-logs\1.51.0\opentelemetry-sdk-logs-1.51.0.jar;C:\Users\Abhis\.m2\repository\net\bytebuddy\byte-buddy\1.17.6\byte-buddy-1.17.6.jar;C:\Users\Abhis\.m2\repository\org\seleniumhq\selenium\selenium-os\4.34.0\selenium-os-4.34.0.jar;C:\Users\Abhis\.m2\repository\org\apache\commons\commons-exec\1.5.0\commons-exec-1.5.0.jar;C:\Users\Abhis\.m2\repository\org\seleniumhq\selenium\selenium-safari-driver\4.34.0\selenium-safari-driver-4.34.0.jar;C:\Users\Abhis\.m2\repository\org\seleniumhq\selenium\selenium-support\4.34.0\selenium-support-4.34.0.jar;C:\Users\Abhis\.m2\repository\commons-io\commons-io\2.15.1\commons-io-2.15.1.jar;C:\Program Files\JetBrains\IntelliJ IDEA Community Edition 2025.1.3\lib\idea_rt.jar
Launcher Type: SUN_STANDARD

[Global flags]
     intx CICompilerCount                          = 4                                         {product} {ergonomic}
     uint ConcGCThreads                            = 2                                         {product} {ergonomic}
     uint G1ConcRefinementThreads                  = 8                                         {product} {ergonomic}
   size_t G1HeapRegionSize                         = 1048576                                   {product} {ergonomic}
    uintx GCDrainStackTargetSize                   = 64                                        {product} {ergonomic}
   size_t InitialHeapSize                          = 98566144                                  {product} {ergonomic}
   size_t MarkStackSize                            = 4194304                                   {product} {ergonomic}
   size_t MaxHeapSize                              = 1572864000                                {product} {ergonomic}
   size_t MinHeapDeltaBytes                        = 1048576                                   {product} {ergonomic}
   size_t MinHeapSize                              = 8388608                                   {product} {ergonomic}
    uintx NonNMethodCodeHeapSize                   = 5839372                                {pd product} {ergonomic}
    uintx NonProfiledCodeHeapSize                  = 122909434                              {pd product} {ergonomic}
    uintx ProfiledCodeHeapSize                     = 122909434                              {pd product} {ergonomic}
    uintx ReservedCodeCacheSize                    = 251658240                              {pd product} {ergonomic}
     bool SegmentedCodeCache                       = true                                      {product} {ergonomic}
   size_t SoftMaxHeapSize                          = 1572864000                             {manageable} {ergonomic}
     bool UseCompressedOops                        = true                           {product lp64_product} {ergonomic}
     bool UseG1GC                                  = true                                      {product} {ergonomic}
     bool UseLargePagesIndividualAllocation        = false                                  {pd product} {ergonomic}

Logging:
Log output configuration:
 #0: stdout all=warning uptime,level,tags foldmultilines=false
 #1: stderr all=off uptime,level,tags foldmultilines=false

Environment Variables:
PATH=C:\Program Files\Java\jdk-21\bin;C:\Program Files\Common Files\Oracle\Java\javapath;C:\WINDOWS\system32;C:\WINDOWS;C:\WINDOWS\System32\Wbem;C:\WINDOWS\System32\WindowsPowerShell\v1.0\;C:\WINDOWS\System32\OpenSSH\;C:\msys64\ucrt64\bin;C:\Program Files\Java\jdk-21\bin;C:\Users\Abhis\AppData\Local\Programs\Python\Python313\Scripts\;C:\Users\Abhis\AppData\Local\Programs\Python\Python313\;C:\Users\Abhis\AppData\Local\Programs\Python\Launcher\;search-ms:displayname=Search%20Results%20in%20Local&crumb=location:C%3A%5CUsers%5CAbhis%5CAppData%5CLocal\Scripts;C:\Users\Abhis\AppData\Local\Microsoft\WindowsApps;C:\Users\Abhis\AppData\Local\Programs\Microsoft VS Code\bin;
USERNAME=Abhis
OS=Windows_NT
PROCESSOR_IDENTIFIER=AMD64 Family 25 Model 80 Stepping 0, AuthenticAMD
TMP=C:\Users\Abhis\AppData\Local\Temp
TEMP=C:\Users\Abhis\AppData\Local\Temp




Periodic native trim disabled

---------------  S Y S T E M  ---------------

OS:
 Windows 11 , 64 bit Build 26100 (10.0.26100.4202)
OS uptime: 9 days 3:30 hours
Hyper-V role detected

CPU: total 8 (initial active 8) (8 cores per cpu, 2 threads per core) family 25 model 80 stepping 0 microcode 0xa50000d, cx8, cmov, fxsr, ht, mmx, 3dnowpref, sse, sse2, sse3, ssse3, sse4a, sse4.1, sse4.2, popcnt, lzcnt, tsc, tscinvbit, avx, avx2, aes, erms, clmul, bmi1, bmi2, adx, sha, fma, vzeroupper, clflush, clflushopt, hv, rdtscp, rdpid, fsrm, f16c, cet_ss
Processor Information for processor 0
  Max Mhz: 2301, Current Mhz: 1798, Mhz Limit: 2301
Processor Information for processor 1
  Max Mhz: 2301, Current Mhz: 1798, Mhz Limit: 2301
Processor Information for processor 2
  Max Mhz: 2301, Current Mhz: 1798, Mhz Limit: 2301
Processor Information for processor 3
  Max Mhz: 2301, Current Mhz: 1798, Mhz Limit: 2301
Processor Information for processor 4
  Max Mhz: 2301, Current Mhz: 1798, Mhz Limit: 2301
Processor Information for processor 5
  Max Mhz: 2301, Current Mhz: 2301, Mhz Limit: 2301
Processor Information for processor 6
  Max Mhz: 2301, Current Mhz: 1798, Mhz Limit: 2301
Processor Information for processor 7
  Max Mhz: 2301, Current Mhz: 1798, Mhz Limit: 2301

Memory: 4k page, system-wide physical 5996M (529M free)
TotalPageFile size 24428M (AvailPageFile size 0M)
current process WorkingSet (physical memory assigned to process): 12M, peak: 12M
current process commit charge ("private bytes"): 60M, peak: 154M

vm_info: Java HotSpot(TM) 64-Bit Server VM (21.0.7+8-LTS-245) for windows-amd64 JRE (21.0.7+8-LTS-245), built on 2025-02-21T05:11:27Z by "mach5one" with MS VC++ 17.6 (VS2022)

END.
